
Tue 15 Aug 2023 02:32:28 AM UTC: 
 tests:  0|7
total_score: 0/70
225c0b5
Tue 15 Aug 2023 02:33:25 AM UTC: 
 exercises.c | 16 +++++++++++++++-
 1 file changed, 15 insertions(+), 1 deletion(-)
In file included from test.c:1:
exercises.c:26:1: error: expected identifier or ‘(’ before ‘}’ token
   26 | }
      | ^
Compilation failed
b0d7d37
Tue 15 Aug 2023 02:33:33 AM UTC: 
 exercises.c | 1 -
 1 file changed, 1 deletion(-)
 tests:  0|6
total_score: 10/70
64eb77c
Tue 15 Aug 2023 04:46:03 PM UTC: 
 exercises.c | 8 +++++++-
 1 file changed, 7 insertions(+), 1 deletion(-)
In file included from test.c:1:
exercises.c: In function ‘reverseArray’:
exercises.c:34:26: error: expected identifier or ‘(’ before ‘int’
   34 |   for (int i = size - 1, int j = 0; i >= 0 && j < size2; i--, j++){
      |                          ^~~
exercises.c:34:47: error: ‘j’ undeclared (first use in this function)
   34 |   for (int i = size - 1, int j = 0; i >= 0 && j < size2; i--, j++){
      |                                               ^
exercises.c:34:47: note: each undeclared identifier is reported only once for each function it appears in
exercises.c:35:19: error: ‘arreglo’ undeclared (first use in this function); did you mean ‘arreglo2’?
   35 |     arreglo2[j] = arreglo[i];
      |                   ^~~~~~~
      |                   arreglo2
Compilation failed
e14ed06
Tue 15 Aug 2023 04:46:13 PM UTC: 
 exercises.c | 2 +-
 1 file changed, 1 insertion(+), 1 deletion(-)
In file included from test.c:1:
exercises.c: In function ‘reverseArray’:
exercises.c:34:26: error: expected identifier or ‘(’ before ‘int’
   34 |   for (int i = size - 1, int j = 0; i >= 0 && j < size2; i--, j++){
      |                          ^~~
exercises.c:34:47: error: ‘j’ undeclared (first use in this function)
   34 |   for (int i = size - 1, int j = 0; i >= 0 && j < size2; i--, j++){
      |                                               ^
exercises.c:34:47: note: each undeclared identifier is reported only once for each function it appears in
Compilation failed
4957b5a
Tue 15 Aug 2023 04:46:57 PM UTC: 
 exercises.c | 3 ++-
 1 file changed, 2 insertions(+), 1 deletion(-)
 tests:  0|6
total_score: 10/70
41a80d7
Tue 15 Aug 2023 04:48:13 PM UTC: 
 exercises.c | 9 +++++++--
 1 file changed, 7 insertions(+), 2 deletions(-)
 tests:  0|5
total_score: 20/70
9154c48
Tue 15 Aug 2023 05:41:38 PM UTC: 
 exercises.c | 11 ++++++++++-
 1 file changed, 10 insertions(+), 1 deletion(-)
In file included from test.c:1:
exercises.c: In function ‘filterEvenNumbers’:
exercises.c:52:12: error: returning ‘int’ from a function with return type ‘int *’ makes pointer from integer without a cast [-Werror=int-conversion]
   52 |     return -1;
      |            ^
cc1: all warnings being treated as errors
Compilation failed
60a7505
Tue 15 Aug 2023 05:41:55 PM UTC: 
 exercises.c | 2 +-
 1 file changed, 1 insertion(+), 1 deletion(-)
 tests:  0|5
total_score: 20/70
c7f3bbd
Tue 15 Aug 2023 06:00:45 PM UTC: 
 exercises.c | 17 +++++++++++++++++
 1 file changed, 17 insertions(+)
In file included from test.c:1:
exercises.c: In function ‘filterEvenNumbers’:
exercises.c:68:14: error: ‘j’ may be used uninitialized in this function [-Werror=maybe-uninitialized]
   68 |       pares[j++] = arr[i];
      |             ~^~
cc1: all warnings being treated as errors
Compilation failed
06feb72
Tue 15 Aug 2023 06:00:59 PM UTC: 
 exercises.c | 2 +-
 1 file changed, 1 insertion(+), 1 deletion(-)
 tests:  0|4
total_score: 30/70
99e7195
Tue 15 Aug 2023 06:01:30 PM UTC: 
 exercises.c | 4 +---
 1 file changed, 1 insertion(+), 3 deletions(-)
 tests:  0|4
total_score: 30/70
faeafad
Tue 15 Aug 2023 07:22:59 PM UTC: 
 exercises.c | 15 +++++++++++++--
 1 file changed, 13 insertions(+), 2 deletions(-)
In file included from test.c:1:
exercises.c: In function ‘mergeSortedArrays’:
exercises.c:85:19: error: ‘size’ undeclared (first use in this function); did you mean ‘size2’?
   85 |   for (i = 0; i < size; i++){
      |                   ^~~~
      |                   size2
exercises.c:85:19: note: each undeclared identifier is reported only once for each function it appears in
Compilation failed
5af11fd
Tue 15 Aug 2023 07:23:07 PM UTC: 
 exercises.c | 2 +-
 1 file changed, 1 insertion(+), 1 deletion(-)
 tests:  0|4
total_score: 30/70
f7683f2
Tue 15 Aug 2023 07:24:31 PM UTC: 
 exercises.c | 6 +++---
 1 file changed, 3 insertions(+), 3 deletions(-)
In file included from test.c:1:
exercises.c: In function ‘mergeSortedArrays’:
exercises.c:83:9: error: unused variable ‘j’ [-Werror=unused-variable]
   83 |   int i,j;
      |         ^
cc1: all warnings being treated as errors
Compilation failed
397114f
Tue 15 Aug 2023 07:24:41 PM UTC: 
 exercises.c | 2 +-
 1 file changed, 1 insertion(+), 1 deletion(-)
 tests:  0|4
total_score: 30/70
518a6a1
Tue 15 Aug 2023 07:39:44 PM UTC: 
 exercises.c | 13 ++++++++++++-
 1 file changed, 12 insertions(+), 1 deletion(-)
 tests:  0|3
total_score: 40/70
4013b14
Tue 15 Aug 2023 07:55:21 PM UTC: 
 exercises.c | 30 +++++++++++++++++++++++++++++-
 1 file changed, 29 insertions(+), 1 deletion(-)
In file included from test.c:1:
exercises.c: In function ‘checkSorted’:
exercises.c:129:23: error: expected ‘;’ before ‘}’ token
  129 |       esDescenente = 1
      |                       ^
      |                       ;
  130 |     }
      |     ~                  
exercises.c:139:1: error: control reaches end of non-void function [-Werror=return-type]
  139 | }
      | ^
cc1: all warnings being treated as errors
Compilation failed
fb18e99
Tue 15 Aug 2023 07:55:29 PM UTC: 
 exercises.c | 2 +-
 1 file changed, 1 insertion(+), 1 deletion(-)
In file included from test.c:1:
exercises.c: In function ‘checkSorted’:
exercises.c:139:1: error: control reaches end of non-void function [-Werror=return-type]
  139 | }
      | ^
cc1: all warnings being treated as errors
Compilation failed
548c089
Tue 15 Aug 2023 07:57:38 PM UTC: 
 exercises.c | 10 ++++++----
 1 file changed, 6 insertions(+), 4 deletions(-)
In file included from test.c:1:
exercises.c: In function ‘checkSorted’:
exercises.c:141:1: error: control reaches end of non-void function [-Werror=return-type]
  141 | }
      | ^
cc1: all warnings being treated as errors
Compilation failed
0c4ba56
Tue 15 Aug 2023 07:59:07 PM UTC: 
 exercises.c | 14 ++++++--------
 1 file changed, 6 insertions(+), 8 deletions(-)
In file included from test.c:1:
exercises.c: In function ‘checkSorted’:
exercises.c:138:1: error: control reaches end of non-void function [-Werror=return-type]
  138 | }
      | ^
cc1: all warnings being treated as errors
Compilation failed
92d1631
Tue 15 Aug 2023 08:00:36 PM UTC: 
 exercises.c | 2 ++
 1 file changed, 2 insertions(+)
 tests:  0|2
total_score: 50/70
381f8b2
Wed 16 Aug 2023 01:52:38 PM UTC: 
 exercises.c | 8 ++++++--
 1 file changed, 6 insertions(+), 2 deletions(-)
 tests:  0|2
total_score: 50/70
a220b97
Wed 16 Aug 2023 02:02:53 PM UTC: 
 exercises.c | 6 ++----
 1 file changed, 2 insertions(+), 4 deletions(-)
 tests:  0|2
total_score: 50/70
7ab5cdd
Wed 16 Aug 2023 02:05:50 PM UTC: 
 exercises.c | 1 +
 1 file changed, 1 insertion(+)
In file included from test.c:1:
exercises.c: In function ‘inicializarLibro’:
exercises.c:165:22: error: passing argument 1 of ‘strcpy’ makes pointer from integer without a cast [-Werror=int-conversion]
  165 |   strcpy(libro->autor.anioNacimiento, anioNacimiento);
      |          ~~~~~~~~~~~~^~~~~~~~~~~~~~~
      |                      |
      |                      int
In file included from /nix/store/4pqv2mwdn88h7xvsm7a5zplrd8sxzvw0-glibc-2.35-163-dev/include/features.h:490,
                 from /nix/store/4pqv2mwdn88h7xvsm7a5zplrd8sxzvw0-glibc-2.35-163-dev/include/ctype.h:25,
                 from exercises.c:1,
                 from test.c:1:
/nix/store/4pqv2mwdn88h7xvsm7a5zplrd8sxzvw0-glibc-2.35-163-dev/include/bits/string_fortified.h:77:1: note: expected ‘char * restrict’ but argument is of type ‘int’
   77 | __NTH (strcpy (char *__restrict __dest, const char *__restrict __src))
      | ^~~~~
In file included from test.c:1:
exercises.c:165:39: error: passing argument 2 of ‘strcpy’ makes pointer from integer without a cast [-Werror=int-conversion]
  165 |   strcpy(libro->autor.anioNacimiento, anioNacimiento);
      |                                       ^~~~~~~~~~~~~~
      |                                       |
      |                                       int
In file included from /nix/store/4pqv2mwdn88h7xvsm7a5zplrd8sxzvw0-glibc-2.35-163-dev/include/features.h:490,
                 from /nix/store/4pqv2mwdn88h7xvsm7a5zplrd8sxzvw0-glibc-2.35-163-dev/include/ctype.h:25,
                 from exercises.c:1,
                 from test.c:1:
/nix/store/4pqv2mwdn88h7xvsm7a5zplrd8sxzvw0-glibc-2.35-163-dev/include/bits/string_fortified.h:77:1: note: expected ‘const char * restrict’ but argument is of type ‘int’
   77 | __NTH (strcpy (char *__restrict __dest, const char *__restrict __src))
      | ^~~~~
cc1: all warnings being treated as errors
Compilation failed
4b98ff8
Wed 16 Aug 2023 02:06:42 PM UTC: 
 exercises.c | 2 +-
 1 file changed, 1 insertion(+), 1 deletion(-)
 tests:  0|2
total_score: 50/70
c619a67
Wed 16 Aug 2023 02:08:06 PM UTC: 
 exercises.c | 1 +
 1 file changed, 1 insertion(+)
 tests:  0|1
total_score: 60/70
6c76383
Thu 17 Aug 2023 08:10:15 PM UTC: 
 exercises.c | 6 +++++-
 1 file changed, 5 insertions(+), 1 deletion(-)
In file included from test.c:1:
exercises.c: In function ‘crearListaEnlazada’:
exercises.c:186:9: error: unused variable ‘newNodo’ [-Werror=unused-variable]
  186 |   Nodo *newNodo = (Nodo *)malloc (sizeof(int(Nodo)));
      |         ^~~~~~~
cc1: all warnings being treated as errors
Compilation failed
bcaa22a
Thu 17 Aug 2023 08:10:34 PM UTC: 
 exercises.c | 2 ++
 1 file changed, 2 insertions(+)
 tests:  0|1
total_score: 60/70
0509efa
Thu 17 Aug 2023 08:28:38 PM UTC: 
 exercises.c | 3 +++
 1 file changed, 3 insertions(+)
In file included from test.c:1:
exercises.c: In function ‘crearListaEnlazada’:
exercises.c:188:10: error: array subscript ‘Nodo {aka struct nodo}[0]’ is partly outside array bounds of ‘unsigned char[1]’ [-Werror=array-bounds]
  188 |   newNodo-> numero = arr[i++];
      |          ^~
exercises.c:187:27: note: referencing an object of size 1 allocated by ‘malloc’
  187 |   Nodo *newNodo = (Nodo *)malloc (sizeof(int(Nodo)));
      |                           ^~~~~~~~~~~~~~~~~~~~~~~~~~
cc1: all warnings being treated as errors
Compilation failed
f171ca0
Thu 17 Aug 2023 08:29:24 PM UTC: 
 exercises.c | 4 +++-
 1 file changed, 3 insertions(+), 1 deletion(-)
In file included from test.c:1:
exercises.c: In function ‘crearListaEnlazada’:
exercises.c:188:10: error: array subscript ‘Nodo {aka struct nodo}[0]’ is partly outside array bounds of ‘unsigned char[1]’ [-Werror=array-bounds]
  188 |   newNodo->numero = arr[i];
      |          ^~
exercises.c:187:27: note: referencing an object of size 1 allocated by ‘malloc’
  187 |   Nodo *newNodo = (Nodo *)malloc (sizeof(int(Nodo)));
      |                           ^~~~~~~~~~~~~~~~~~~~~~~~~~
cc1: all warnings being treated as errors
Compilation failed
a80cae1
Thu 17 Aug 2023 08:29:32 PM UTC: 
 exercises.c | 2 +-
 1 file changed, 1 insertion(+), 1 deletion(-)
In file included from test.c:1:
exercises.c: In function ‘crearListaEnlazada’:
exercises.c:188:10: error: array subscript ‘Nodo {aka struct nodo}[0]’ is partly outside array bounds of ‘unsigned char[1]’ [-Werror=array-bounds]
  188 |   newNodo->numero = arr[i++];
      |          ^~
exercises.c:187:27: note: referencing an object of size 1 allocated by ‘malloc’
  187 |   Nodo *newNodo = (Nodo *)malloc (sizeof(int(Nodo)));
      |                           ^~~~~~~~~~~~~~~~~~~~~~~~~~
cc1: all warnings being treated as errors
Compilation failed
12b63a6
Thu 17 Aug 2023 08:33:48 PM UTC: 
 exercises.c | 3 +--
 1 file changed, 1 insertion(+), 2 deletions(-)
In file included from test.c:1:
exercises.c: In function ‘crearListaEnlazada’:
exercises.c:188:10: error: array subscript ‘Nodo {aka struct nodo}[0]’ is partly outside array bounds of ‘unsigned char[1]’ [-Werror=array-bounds]
  188 |   newNodo->numero = arr[i++];
      |          ^~
exercises.c:187:27: note: referencing an object of size 1 allocated by ‘malloc’
  187 |   Nodo *newNodo = (Nodo *)malloc (sizeof(int(Nodo)));
      |                           ^~~~~~~~~~~~~~~~~~~~~~~~~~
exercises.c:189:10: error: array subscript ‘Nodo {aka struct nodo}[0]’ is partly outside array bounds of ‘unsigned char[1]’ [-Werror=array-bounds]
  189 |   newNodo->siguiente = NULL;
      |          ^~
exercises.c:187:27: note: referencing an object of size 1 allocated by ‘malloc’
  187 |   Nodo *newNodo = (Nodo *)malloc (sizeof(int(Nodo)));
      |                           ^~~~~~~~~~~~~~~~~~~~~~~~~~
cc1: all warnings being treated as errors
Compilation failed
116f7bb
Thu 17 Aug 2023 08:36:58 PM UTC: 
 exercises.c | 7 ++++---
 1 file changed, 4 insertions(+), 3 deletions(-)
In file included from test.c:1:
exercises.c: In function ‘crearListaEnlazada’:
exercises.c:192:10: error: array subscript ‘Nodo {aka struct nodo}[0]’ is partly outside array bounds of ‘unsigned char[1]’ [-Werror=array-bounds]
  192 |   newNodo->siguiente = NULL;
      |          ^~
exercises.c:186:27: note: referencing an object of size 1 allocated by ‘malloc’
  186 |   Nodo *newNodo = (Nodo *)malloc (sizeof(int(Nodo)));
      |                           ^~~~~~~~~~~~~~~~~~~~~~~~~~
exercises.c:189:12: error: array subscript ‘Nodo {aka struct nodo}[0]’ is partly outside array bounds of ‘unsigned char[1]’ [-Werror=array-bounds]
  189 |     newNodo->numero = arr[i];
      |            ^~
exercises.c:186:27: note: referencing an object of size 1 allocated by ‘malloc’
  186 |   Nodo *newNodo = (Nodo *)malloc (sizeof(int(Nodo)));
      |                           ^~~~~~~~~~~~~~~~~~~~~~~~~~
cc1: all warnings being treated as errors
Compilation failed
6ca75d1
Thu 17 Aug 2023 08:59:28 PM UTC: 
 exercises.c | 13 +++++++++----
 1 file changed, 9 insertions(+), 4 deletions(-)
 tests:  0|1
total_score: 60/70
04b507c
